<?xml version="1.0" encoding="UTF-8"?>
<testsuite name="edu.coursera.concurrent.ListSetTest" time="415.756" tests="6" errors="0" skipped="0" failures="4">
  <properties>
    <property name="idea.version" value="2017.2.3"/>
    <property name="java.runtime.name" value="OpenJDK Runtime Environment"/>
    <property name="sun.boot.library.path" value="/usr/lib/jvm/java-8-openjdk-amd64/jre/lib/amd64"/>
    <property name="java.vm.version" value="25.131-b11"/>
    <property name="java.vm.vendor" value="Oracle Corporation"/>
    <property name="maven.multiModuleProjectDirectory" value="/home/garrett/java_development/rice_mooc/concurrent_java/miniproject_1"/>
    <property name="java.vendor.url" value="http://java.oracle.com/"/>
    <property name="path.separator" value=":"/>
    <property name="guice.disable.misplaced.annotation.check" value="true"/>
    <property name="java.vm.name" value="OpenJDK 64-Bit Server VM"/>
    <property name="file.encoding.pkg" value="sun.io"/>
    <property name="user.country" value="CA"/>
    <property name="sun.java.launcher" value="SUN_STANDARD"/>
    <property name="sun.os.patch.level" value="unknown"/>
    <property name="java.vm.specification.name" value="Java Virtual Machine Specification"/>
    <property name="user.dir" value="/home/garrett/java_development/rice_mooc/concurrent_java/miniproject_1"/>
    <property name="java.runtime.version" value="1.8.0_131-8u131-b11-2ubuntu1.16.04.3-b11"/>
    <property name="java.awt.graphicsenv" value="sun.awt.X11GraphicsEnvironment"/>
    <property name="java.endorsed.dirs" value="/usr/lib/jvm/java-8-openjdk-amd64/jre/lib/endorsed"/>
    <property name="os.arch" value="amd64"/>
    <property name="java.io.tmpdir" value="/tmp"/>
    <property name="line.separator" value="&#10;"/>
    <property name="java.vm.specification.vendor" value="Oracle Corporation"/>
    <property name="os.name" value="Linux"/>
    <property name="classworlds.conf" value="/home/garrett/intellj/idea-IC-172.3968.16/plugins/maven/lib/maven3/bin/m2.conf"/>
    <property name="sun.jnu.encoding" value="UTF-8"/>
    <property name="java.library.path" value="/home/garrett/intellj/idea-IC-172.3968.16/bin::/usr/java/packages/lib/amd64:/usr/lib/x86_64-linux-gnu/jni:/lib/x86_64-linux-gnu:/usr/lib/x86_64-linux-gnu:/usr/lib/jni:/lib:/usr/lib"/>
    <property name="java.specification.name" value="Java Platform API Specification"/>
    <property name="java.class.version" value="52.0"/>
    <property name="sun.management.compiler" value="HotSpot 64-Bit Tiered Compilers"/>
    <property name="os.version" value="4.10.0-37-generic"/>
    <property name="user.home" value="/home/garrett"/>
    <property name="user.timezone" value="America/Toronto"/>
    <property name="java.awt.printerjob" value="sun.print.PSPrinterJob"/>
    <property name="java.specification.version" value="1.8"/>
    <property name="file.encoding" value="UTF-8"/>
    <property name="user.name" value="garrett"/>
    <property name="java.class.path" value="/home/garrett/intellj/idea-IC-172.3968.16/plugins/maven/lib/maven3/boot/plexus-classworlds-2.5.2.jar:/home/garrett/intellj/idea-IC-172.3968.16/lib/idea_rt.jar"/>
    <property name="java.vm.specification.version" value="1.8"/>
    <property name="sun.arch.data.model" value="64"/>
    <property name="java.home" value="/usr/lib/jvm/java-8-openjdk-amd64/jre"/>
    <property name="sun.java.command" value="org.codehaus.classworlds.Launcher -Didea.version=2017.2.3 test"/>
    <property name="java.specification.vendor" value="Oracle Corporation"/>
    <property name="user.language" value="en"/>
    <property name="awt.toolkit" value="sun.awt.X11.XToolkit"/>
    <property name="java.vm.info" value="mixed mode"/>
    <property name="java.version" value="1.8.0_131"/>
    <property name="java.ext.dirs" value="/usr/lib/jvm/java-8-openjdk-amd64/jre/lib/ext:/usr/java/packages/lib/ext"/>
    <property name="securerandom.source" value="file:/dev/./urandom"/>
    <property name="sun.boot.class.path" value="/usr/lib/jvm/java-8-openjdk-amd64/jre/lib/resources.jar:/usr/lib/jvm/java-8-openjdk-amd64/jre/lib/rt.jar:/usr/lib/jvm/java-8-openjdk-amd64/jre/lib/sunrsasign.jar:/usr/lib/jvm/java-8-openjdk-amd64/jre/lib/jsse.jar:/usr/lib/jvm/java-8-openjdk-amd64/jre/lib/jce.jar:/usr/lib/jvm/java-8-openjdk-amd64/jre/lib/charsets.jar:/usr/lib/jvm/java-8-openjdk-amd64/jre/lib/jfr.jar:/usr/lib/jvm/java-8-openjdk-amd64/jre/classes"/>
    <property name="java.vendor" value="Oracle Corporation"/>
    <property name="maven.home" value="/home/garrett/intellj/idea-IC-172.3968.16/plugins/maven/lib/maven3"/>
    <property name="file.separator" value="/"/>
    <property name="java.vendor.url.bug" value="http://bugreport.sun.com/bugreport/"/>
    <property name="sun.cpu.endian" value="little"/>
    <property name="sun.io.unicode.encoding" value="UnicodeLittle"/>
    <property name="sun.desktop" value="gnome"/>
    <property name="sun.cpu.isalist" value=""/>
  </properties>
  <testcase name="testCoarseGrainedLockingRepeatingLarge" classname="edu.coursera.concurrent.ListSetTest" time="102.399"/>
  <testcase name="testReadWriteLocksRandomLarge" classname="edu.coursera.concurrent.ListSetTest" time="98.981">
    <failure message="expected:&lt;15895&gt; but was:&lt;0&gt;" type="junit.framework.AssertionFailedError"><![CDATA[junit.framework.AssertionFailedError: expected:<15895> but was:<0>
	at junit.framework.Assert.fail(Assert.java:47)
	at junit.framework.Assert.failNotEquals(Assert.java:280)
	at junit.framework.Assert.assertEquals(Assert.java:64)
	at junit.framework.Assert.assertEquals(Assert.java:198)
	at junit.framework.Assert.assertEquals(Assert.java:204)
	at edu.coursera.concurrent.ListSetTest.testReadWriteLocksHelper(ListSetTest.java:199)
	at edu.coursera.concurrent.ListSetTest.testReadWriteLocksRandomLarge(ListSetTest.java:85)
]]></failure>
    <system-out><![CDATA[=========================================================
RWCoarseList vs. SyncList (Large Random)
=========================================================
# threads = 4
0.8974843681838012x improvement in add throughput (8.641175199827176 -> 7.755319664582425)
Infinityx improvement in contains throughput (21.996150673632116 -> Infinity)
0.6866083009079118x improvement in remove throughput (18.890200708382526 -> 12.970168612191959)
=========================================================
]]></system-out>
    <system-err><![CDATA[Exception in thread "Thread-124" java.lang.IllegalMonitorStateException: attempt to unlock read lock, not locked by current thread
	at java.util.concurrent.locks.ReentrantReadWriteLock$Sync.unmatchedUnlockException(ReentrantReadWriteLock.java:444)
	at java.util.concurrent.locks.ReentrantReadWriteLock$Sync.tryReleaseShared(ReentrantReadWriteLock.java:428)
	at java.util.concurrent.locks.AbstractQueuedSynchronizer.releaseShared(AbstractQueuedSynchronizer.java:1341)
	at java.util.concurrent.locks.ReentrantReadWriteLock$ReadLock.unlock(ReentrantReadWriteLock.java:881)
	at edu.coursera.concurrent.CoarseLists$RWCoarseList.contains(CoarseLists.java:223)
	at edu.coursera.concurrent.ContainsTestThread.run(ContainsTestThread.java:21)
	at edu.coursera.concurrent.ListSetTest.lambda$launchAndJoinAll$4(ListSetTest.java:290)
	at java.lang.Thread.run(Thread.java:748)
Exception in thread "Thread-125" java.lang.IllegalMonitorStateException: attempt to unlock read lock, not locked by current thread
	at java.util.concurrent.locks.ReentrantReadWriteLock$Sync.unmatchedUnlockException(ReentrantReadWriteLock.java:444)
	at java.util.concurrent.locks.ReentrantReadWriteLock$Sync.tryReleaseShared(ReentrantReadWriteLock.java:428)
	at java.util.concurrent.locks.AbstractQueuedSynchronizer.releaseShared(AbstractQueuedSynchronizer.java:1341)
	at java.util.concurrent.locks.ReentrantReadWriteLock$ReadLock.unlock(ReentrantReadWriteLock.java:881)
	at edu.coursera.concurrent.CoarseLists$RWCoarseList.contains(CoarseLists.java:223)
	at edu.coursera.concurrent.ContainsTestThread.run(ContainsTestThread.java:21)
	at edu.coursera.concurrent.ListSetTest.lambda$launchAndJoinAll$4(ListSetTest.java:290)
	at java.lang.Thread.run(Thread.java:748)
Exception in thread "Thread-126" java.lang.IllegalMonitorStateException: attempt to unlock read lock, not locked by current thread
	at java.util.concurrent.locks.ReentrantReadWriteLock$Sync.unmatchedUnlockException(ReentrantReadWriteLock.java:444)
	at java.util.concurrent.locks.ReentrantReadWriteLock$Sync.tryReleaseShared(ReentrantReadWriteLock.java:428)
	at java.util.concurrent.locks.AbstractQueuedSynchronizer.releaseShared(AbstractQueuedSynchronizer.java:1341)
	at java.util.concurrent.locks.ReentrantReadWriteLock$ReadLock.unlock(ReentrantReadWriteLock.java:881)
	at edu.coursera.concurrent.CoarseLists$RWCoarseList.contains(CoarseLists.java:223)
	at edu.coursera.concurrent.ContainsTestThread.run(ContainsTestThread.java:21)
	at edu.coursera.concurrent.ListSetTest.lambda$launchAndJoinAll$4(ListSetTest.java:290)
	at java.lang.Thread.run(Thread.java:748)
Exception in thread "Thread-127" java.lang.IllegalMonitorStateException: attempt to unlock read lock, not locked by current thread
	at java.util.concurrent.locks.ReentrantReadWriteLock$Sync.unmatchedUnlockException(ReentrantReadWriteLock.java:444)
	at java.util.concurrent.locks.ReentrantReadWriteLock$Sync.tryReleaseShared(ReentrantReadWriteLock.java:428)
	at java.util.concurrent.locks.AbstractQueuedSynchronizer.releaseShared(AbstractQueuedSynchronizer.java:1341)
	at java.util.concurrent.locks.ReentrantReadWriteLock$ReadLock.unlock(ReentrantReadWriteLock.java:881)
	at edu.coursera.concurrent.CoarseLists$RWCoarseList.contains(CoarseLists.java:223)
	at edu.coursera.concurrent.ContainsTestThread.run(ContainsTestThread.java:21)
	at edu.coursera.concurrent.ListSetTest.lambda$launchAndJoinAll$4(ListSetTest.java:290)
	at java.lang.Thread.run(Thread.java:748)
Exception in thread "Thread-151" Exception in thread "Thread-148" Exception in thread "Thread-150" java.lang.IllegalMonitorStateException: attempt to unlock read lock, not locked by current thread
	at java.util.concurrent.locks.ReentrantReadWriteLock$Sync.unmatchedUnlockException(ReentrantReadWriteLock.java:444)
	at java.util.concurrent.locks.ReentrantReadWriteLock$Sync.tryReleaseShared(ReentrantReadWriteLock.java:428)
	at java.util.concurrent.locks.AbstractQueuedSynchronizer.releaseShared(AbstractQueuedSynchronizer.java:1341)
	at java.util.concurrent.locks.ReentrantReadWriteLock$ReadLock.unlock(ReentrantReadWriteLock.java:881)
	at edu.coursera.concurrent.CoarseLists$RWCoarseList.contains(CoarseLists.java:223)
	at edu.coursera.concurrent.ContainsTestThread.run(ContainsTestThread.java:21)
	at edu.coursera.concurrent.ListSetTest.lambda$launchAndJoinAll$4(ListSetTest.java:290)
	at java.lang.Thread.run(Thread.java:748)
java.lang.IllegalMonitorStateException: attempt to unlock read lock, not locked by current thread
	at java.util.concurrent.locks.ReentrantReadWriteLock$Sync.unmatchedUnlockException(ReentrantReadWriteLock.java:444)
	at java.util.concurrent.locks.ReentrantReadWriteLock$Sync.tryReleaseShared(ReentrantReadWriteLock.java:428)
	at java.util.concurrent.locks.AbstractQueuedSynchronizer.releaseShared(AbstractQueuedSynchronizer.java:1341)
	at java.util.concurrent.locks.ReentrantReadWriteLock$ReadLock.unlock(ReentrantReadWriteLock.java:881)
	at edu.coursera.concurrent.CoarseLists$RWCoarseList.contains(CoarseLists.java:223)
	at edu.coursera.concurrent.ContainsTestThread.run(ContainsTestThread.java:21)
	at edu.coursera.concurrent.ListSetTest.lambda$launchAndJoinAll$4(ListSetTest.java:290)
	at java.lang.Thread.run(Thread.java:748)
Exception in thread "Thread-149" java.lang.IllegalMonitorStateException: attempt to unlock read lock, not locked by current thread
	at java.util.concurrent.locks.ReentrantReadWriteLock$Sync.unmatchedUnlockException(ReentrantReadWriteLock.java:444)
	at java.util.concurrent.locks.ReentrantReadWriteLock$Sync.tryReleaseShared(ReentrantReadWriteLock.java:428)
	at java.util.concurrent.locks.AbstractQueuedSynchronizer.releaseShared(AbstractQueuedSynchronizer.java:1341)
	at java.util.concurrent.locks.ReentrantReadWriteLock$ReadLock.unlock(ReentrantReadWriteLock.java:881)
	at edu.coursera.concurrent.CoarseLists$RWCoarseList.contains(CoarseLists.java:223)
	at edu.coursera.concurrent.ContainsTestThread.run(ContainsTestThread.java:21)
	at edu.coursera.concurrent.ListSetTest.lambda$launchAndJoinAll$4(ListSetTest.java:290)
	at java.lang.Thread.run(Thread.java:748)
java.lang.IllegalMonitorStateException: attempt to unlock read lock, not locked by current thread
	at java.util.concurrent.locks.ReentrantReadWriteLock$Sync.unmatchedUnlockException(ReentrantReadWriteLock.java:444)
	at java.util.concurrent.locks.ReentrantReadWriteLock$Sync.tryReleaseShared(ReentrantReadWriteLock.java:428)
	at java.util.concurrent.locks.AbstractQueuedSynchronizer.releaseShared(AbstractQueuedSynchronizer.java:1341)
	at java.util.concurrent.locks.ReentrantReadWriteLock$ReadLock.unlock(ReentrantReadWriteLock.java:881)
	at edu.coursera.concurrent.CoarseLists$RWCoarseList.contains(CoarseLists.java:223)
	at edu.coursera.concurrent.ContainsTestThread.run(ContainsTestThread.java:21)
	at edu.coursera.concurrent.ListSetTest.lambda$launchAndJoinAll$4(ListSetTest.java:290)
	at java.lang.Thread.run(Thread.java:748)
Exception in thread "Thread-172" Exception in thread "Thread-173" java.lang.IllegalMonitorStateException: attempt to unlock read lock, not locked by current thread
	at java.util.concurrent.locks.ReentrantReadWriteLock$Sync.unmatchedUnlockException(ReentrantReadWriteLock.java:444)
	at java.util.concurrent.locks.ReentrantReadWriteLock$Sync.tryReleaseShared(ReentrantReadWriteLock.java:428)
	at java.util.concurrent.locks.AbstractQueuedSynchronizer.releaseShared(AbstractQueuedSynchronizer.java:1341)
	at java.util.concurrent.locks.ReentrantReadWriteLock$ReadLock.unlock(ReentrantReadWriteLock.java:881)
	at edu.coursera.concurrent.CoarseLists$RWCoarseList.contains(CoarseLists.java:223)
	at edu.coursera.concurrent.ContainsTestThread.run(ContainsTestThread.java:21)
	at edu.coursera.concurrent.ListSetTest.lambda$launchAndJoinAll$4(ListSetTest.java:290)
	at java.lang.Thread.run(Thread.java:748)
java.lang.IllegalMonitorStateException: attempt to unlock read lock, not locked by current thread
	at java.util.concurrent.locks.ReentrantReadWriteLock$Sync.unmatchedUnlockException(ReentrantReadWriteLock.java:444)
	at java.util.concurrent.locks.ReentrantReadWriteLock$Sync.tryReleaseShared(ReentrantReadWriteLock.java:428)
	at java.util.concurrent.locks.AbstractQueuedSynchronizer.releaseShared(AbstractQueuedSynchronizer.java:1341)
	at java.util.concurrent.locks.ReentrantReadWriteLock$ReadLock.unlock(ReentrantReadWriteLock.java:881)
	at edu.coursera.concurrent.CoarseLists$RWCoarseList.contains(CoarseLists.java:223)
	at edu.coursera.concurrent.ContainsTestThread.run(ContainsTestThread.java:21)
	at edu.coursera.concurrent.ListSetTest.lambda$launchAndJoinAll$4(ListSetTest.java:290)
	at java.lang.Thread.run(Thread.java:748)
Exception in thread "Thread-175" java.lang.IllegalMonitorStateException: attempt to unlock read lock, not locked by current thread
	at java.util.concurrent.locks.ReentrantReadWriteLock$Sync.unmatchedUnlockException(ReentrantReadWriteLock.java:444)
	at java.util.concurrent.locks.ReentrantReadWriteLock$Sync.tryReleaseShared(ReentrantReadWriteLock.java:428)
	at java.util.concurrent.locks.AbstractQueuedSynchronizer.releaseShared(AbstractQueuedSynchronizer.java:1341)
	at java.util.concurrent.locks.ReentrantReadWriteLock$ReadLock.unlock(ReentrantReadWriteLock.java:881)
	at edu.coursera.concurrent.CoarseLists$RWCoarseList.contains(CoarseLists.java:223)
	at edu.coursera.concurrent.ContainsTestThread.run(ContainsTestThread.java:21)
	at edu.coursera.concurrent.ListSetTest.lambda$launchAndJoinAll$4(ListSetTest.java:290)
	at java.lang.Thread.run(Thread.java:748)
Exception in thread "Thread-174" java.lang.IllegalMonitorStateException: attempt to unlock read lock, not locked by current thread
	at java.util.concurrent.locks.ReentrantReadWriteLock$Sync.unmatchedUnlockException(ReentrantReadWriteLock.java:444)
	at java.util.concurrent.locks.ReentrantReadWriteLock$Sync.tryReleaseShared(ReentrantReadWriteLock.java:428)
	at java.util.concurrent.locks.AbstractQueuedSynchronizer.releaseShared(AbstractQueuedSynchronizer.java:1341)
	at java.util.concurrent.locks.ReentrantReadWriteLock$ReadLock.unlock(ReentrantReadWriteLock.java:881)
	at edu.coursera.concurrent.CoarseLists$RWCoarseList.contains(CoarseLists.java:223)
	at edu.coursera.concurrent.ContainsTestThread.run(ContainsTestThread.java:21)
	at edu.coursera.concurrent.ListSetTest.lambda$launchAndJoinAll$4(ListSetTest.java:290)
	at java.lang.Thread.run(Thread.java:748)
Exception in thread "Thread-199" Exception in thread "Thread-196" Exception in thread "Thread-198" java.lang.IllegalMonitorStateException: attempt to unlock read lock, not locked by current thread
	at java.util.concurrent.locks.ReentrantReadWriteLock$Sync.unmatchedUnlockException(ReentrantReadWriteLock.java:444)
	at java.util.concurrent.locks.ReentrantReadWriteLock$Sync.tryReleaseShared(ReentrantReadWriteLock.java:428)
	at java.util.concurrent.locks.AbstractQueuedSynchronizer.releaseShared(AbstractQueuedSynchronizer.java:1341)
	at java.util.concurrent.locks.ReentrantReadWriteLock$ReadLock.unlock(ReentrantReadWriteLock.java:881)
	at edu.coursera.concurrent.CoarseLists$RWCoarseList.contains(CoarseLists.java:223)
	at edu.coursera.concurrent.ContainsTestThread.run(ContainsTestThread.java:21)
	at edu.coursera.concurrent.ListSetTest.lambda$launchAndJoinAll$4(ListSetTest.java:290)
	at java.lang.Thread.run(Thread.java:748)
Exception in thread "Thread-197" java.lang.IllegalMonitorStateException: attempt to unlock read lock, not locked by current thread
	at java.util.concurrent.locks.ReentrantReadWriteLock$Sync.unmatchedUnlockException(ReentrantReadWriteLock.java:444)
	at java.util.concurrent.locks.ReentrantReadWriteLock$Sync.tryReleaseShared(ReentrantReadWriteLock.java:428)
	at java.util.concurrent.locks.AbstractQueuedSynchronizer.releaseShared(AbstractQueuedSynchronizer.java:1341)
	at java.util.concurrent.locks.ReentrantReadWriteLock$ReadLock.unlock(ReentrantReadWriteLock.java:881)
	at edu.coursera.concurrent.CoarseLists$RWCoarseList.contains(CoarseLists.java:223)
	at edu.coursera.concurrent.ContainsTestThread.run(ContainsTestThread.java:21)
	at edu.coursera.concurrent.ListSetTest.lambda$launchAndJoinAll$4(ListSetTest.java:290)
	at java.lang.Thread.run(Thread.java:748)
java.lang.IllegalMonitorStateException: attempt to unlock read lock, not locked by current thread
	at java.util.concurrent.locks.ReentrantReadWriteLock$Sync.unmatchedUnlockException(ReentrantReadWriteLock.java:444)
	at java.util.concurrent.locks.ReentrantReadWriteLock$Sync.tryReleaseShared(ReentrantReadWriteLock.java:428)
	at java.util.concurrent.locks.AbstractQueuedSynchronizer.releaseShared(AbstractQueuedSynchronizer.java:1341)
	at java.util.concurrent.locks.ReentrantReadWriteLock$ReadLock.unlock(ReentrantReadWriteLock.java:881)
	at edu.coursera.concurrent.CoarseLists$RWCoarseList.contains(CoarseLists.java:223)
	at edu.coursera.concurrent.ContainsTestThread.run(ContainsTestThread.java:21)
	at edu.coursera.concurrent.ListSetTest.lambda$launchAndJoinAll$4(ListSetTest.java:290)
	at java.lang.Thread.run(Thread.java:748)
java.lang.IllegalMonitorStateException: attempt to unlock read lock, not locked by current thread
	at java.util.concurrent.locks.ReentrantReadWriteLock$Sync.unmatchedUnlockException(ReentrantReadWriteLock.java:444)
	at java.util.concurrent.locks.ReentrantReadWriteLock$Sync.tryReleaseShared(ReentrantReadWriteLock.java:428)
	at java.util.concurrent.locks.AbstractQueuedSynchronizer.releaseShared(AbstractQueuedSynchronizer.java:1341)
	at java.util.concurrent.locks.ReentrantReadWriteLock$ReadLock.unlock(ReentrantReadWriteLock.java:881)
	at edu.coursera.concurrent.CoarseLists$RWCoarseList.contains(CoarseLists.java:223)
	at edu.coursera.concurrent.ContainsTestThread.run(ContainsTestThread.java:21)
	at edu.coursera.concurrent.ListSetTest.lambda$launchAndJoinAll$4(ListSetTest.java:290)
	at java.lang.Thread.run(Thread.java:748)
Exception in thread "Thread-221" Exception in thread "Thread-220" java.lang.IllegalMonitorStateException: attempt to unlock read lock, not locked by current thread
	at java.util.concurrent.locks.ReentrantReadWriteLock$Sync.unmatchedUnlockException(ReentrantReadWriteLock.java:444)
	at java.util.concurrent.locks.ReentrantReadWriteLock$Sync.tryReleaseShared(ReentrantReadWriteLock.java:428)
	at java.util.concurrent.locks.AbstractQueuedSynchronizer.releaseShared(AbstractQueuedSynchronizer.java:1341)
	at java.util.concurrent.locks.ReentrantReadWriteLock$ReadLock.unlock(ReentrantReadWriteLock.java:881)
	at edu.coursera.concurrent.CoarseLists$RWCoarseList.contains(CoarseLists.java:223)
	at edu.coursera.concurrent.ContainsTestThread.run(ContainsTestThread.java:21)
	at edu.coursera.concurrent.ListSetTest.lambda$launchAndJoinAll$4(ListSetTest.java:290)
	at java.lang.Thread.run(Thread.java:748)
Exception in thread "Thread-222" java.lang.IllegalMonitorStateException: attempt to unlock read lock, not locked by current thread
	at java.util.concurrent.locks.ReentrantReadWriteLock$Sync.unmatchedUnlockException(ReentrantReadWriteLock.java:444)
	at java.util.concurrent.locks.ReentrantReadWriteLock$Sync.tryReleaseShared(ReentrantReadWriteLock.java:428)
	at java.util.concurrent.locks.AbstractQueuedSynchronizer.releaseShared(AbstractQueuedSynchronizer.java:1341)
	at java.util.concurrent.locks.ReentrantReadWriteLock$ReadLock.unlock(ReentrantReadWriteLock.java:881)
	at edu.coursera.concurrent.CoarseLists$RWCoarseList.contains(CoarseLists.java:223)
	at edu.coursera.concurrent.ContainsTestThread.run(ContainsTestThread.java:21)
	at edu.coursera.concurrent.ListSetTest.lambda$launchAndJoinAll$4(ListSetTest.java:290)
	at java.lang.Thread.run(Thread.java:748)
java.lang.IllegalMonitorStateException: attempt to unlock read lock, not locked by current thread
	at java.util.concurrent.locks.ReentrantReadWriteLock$Sync.unmatchedUnlockException(ReentrantReadWriteLock.java:444)
	at java.util.concurrent.locks.ReentrantReadWriteLock$Sync.tryReleaseShared(ReentrantReadWriteLock.java:428)
	at java.util.concurrent.locks.AbstractQueuedSynchronizer.releaseShared(AbstractQueuedSynchronizer.java:1341)
	at java.util.concurrent.locks.ReentrantReadWriteLock$ReadLock.unlock(ReentrantReadWriteLock.java:881)
	at edu.coursera.concurrent.CoarseLists$RWCoarseList.contains(CoarseLists.java:223)
	at edu.coursera.concurrent.ContainsTestThread.run(ContainsTestThread.java:21)
	at edu.coursera.concurrent.ListSetTest.lambda$launchAndJoinAll$4(ListSetTest.java:290)
	at java.lang.Thread.run(Thread.java:748)
Exception in thread "Thread-223" java.lang.IllegalMonitorStateException: attempt to unlock read lock, not locked by current thread
	at java.util.concurrent.locks.ReentrantReadWriteLock$Sync.unmatchedUnlockException(ReentrantReadWriteLock.java:444)
	at java.util.concurrent.locks.ReentrantReadWriteLock$Sync.tryReleaseShared(ReentrantReadWriteLock.java:428)
	at java.util.concurrent.locks.AbstractQueuedSynchronizer.releaseShared(AbstractQueuedSynchronizer.java:1341)
	at java.util.concurrent.locks.ReentrantReadWriteLock$ReadLock.unlock(ReentrantReadWriteLock.java:881)
	at edu.coursera.concurrent.CoarseLists$RWCoarseList.contains(CoarseLists.java:223)
	at edu.coursera.concurrent.ContainsTestThread.run(ContainsTestThread.java:21)
	at edu.coursera.concurrent.ListSetTest.lambda$launchAndJoinAll$4(ListSetTest.java:290)
	at java.lang.Thread.run(Thread.java:748)
]]></system-err>
  </testcase>
  <testcase name="testReadWriteLocksRandomSmall" classname="edu.coursera.concurrent.ListSetTest" time="20.463">
    <failure message="expected:&lt;4475&gt; but was:&lt;0&gt;" type="junit.framework.AssertionFailedError"><![CDATA[junit.framework.AssertionFailedError: expected:<4475> but was:<0>
	at junit.framework.Assert.fail(Assert.java:47)
	at junit.framework.Assert.failNotEquals(Assert.java:280)
	at junit.framework.Assert.assertEquals(Assert.java:64)
	at junit.framework.Assert.assertEquals(Assert.java:198)
	at junit.framework.Assert.assertEquals(Assert.java:204)
	at edu.coursera.concurrent.ListSetTest.testReadWriteLocksHelper(ListSetTest.java:199)
	at edu.coursera.concurrent.ListSetTest.testReadWriteLocksRandomSmall(ListSetTest.java:101)
]]></failure>
    <system-out><![CDATA[=========================================================
RWCoarseList vs. SyncList (Small Random)
=========================================================
# threads = 4
0.9238062986793093x improvement in add throughput (29.325513196480937 -> 27.091093802912294)
Infinityx improvement in contains throughput (45.87155963302752 -> Infinity)
0.9147540983606557x improvement in remove throughput (40.9626216077829 -> 37.47072599531616)
=========================================================
]]></system-out>
    <system-err><![CDATA[Exception in thread "Thread-244" java.lang.IllegalMonitorStateException: attempt to unlock read lock, not locked by current thread
	at java.util.concurrent.locks.ReentrantReadWriteLock$Sync.unmatchedUnlockException(ReentrantReadWriteLock.java:444)
	at java.util.concurrent.locks.ReentrantReadWriteLock$Sync.tryReleaseShared(ReentrantReadWriteLock.java:428)
	at java.util.concurrent.locks.AbstractQueuedSynchronizer.releaseShared(AbstractQueuedSynchronizer.java:1341)
	at java.util.concurrent.locks.ReentrantReadWriteLock$ReadLock.unlock(ReentrantReadWriteLock.java:881)
	at edu.coursera.concurrent.CoarseLists$RWCoarseList.contains(CoarseLists.java:223)
	at edu.coursera.concurrent.ContainsTestThread.run(ContainsTestThread.java:21)
	at edu.coursera.concurrent.ListSetTest.lambda$launchAndJoinAll$4(ListSetTest.java:290)
	at java.lang.Thread.run(Thread.java:748)
Exception in thread "Thread-247" java.lang.IllegalMonitorStateException: attempt to unlock read lock, not locked by current thread
	at java.util.concurrent.locks.ReentrantReadWriteLock$Sync.unmatchedUnlockException(ReentrantReadWriteLock.java:444)
	at java.util.concurrent.locks.ReentrantReadWriteLock$Sync.tryReleaseShared(ReentrantReadWriteLock.java:428)
	at java.util.concurrent.locks.AbstractQueuedSynchronizer.releaseShared(AbstractQueuedSynchronizer.java:1341)
	at java.util.concurrent.locks.ReentrantReadWriteLock$ReadLock.unlock(ReentrantReadWriteLock.java:881)
	at edu.coursera.concurrent.CoarseLists$RWCoarseList.contains(CoarseLists.java:223)
	at edu.coursera.concurrent.ContainsTestThread.run(ContainsTestThread.java:21)
	at edu.coursera.concurrent.ListSetTest.lambda$launchAndJoinAll$4(ListSetTest.java:290)
	at java.lang.Thread.run(Thread.java:748)
Exception in thread "Thread-245" java.lang.IllegalMonitorStateException: attempt to unlock read lock, not locked by current thread
	at java.util.concurrent.locks.ReentrantReadWriteLock$Sync.unmatchedUnlockException(ReentrantReadWriteLock.java:444)
	at java.util.concurrent.locks.ReentrantReadWriteLock$Sync.tryReleaseShared(ReentrantReadWriteLock.java:428)
	at java.util.concurrent.locks.AbstractQueuedSynchronizer.releaseShared(AbstractQueuedSynchronizer.java:1341)
	at java.util.concurrent.locks.ReentrantReadWriteLock$ReadLock.unlock(ReentrantReadWriteLock.java:881)
	at edu.coursera.concurrent.CoarseLists$RWCoarseList.contains(CoarseLists.java:223)
	at edu.coursera.concurrent.ContainsTestThread.run(ContainsTestThread.java:21)
	at edu.coursera.concurrent.ListSetTest.lambda$launchAndJoinAll$4(ListSetTest.java:290)
	at java.lang.Thread.run(Thread.java:748)
Exception in thread "Thread-246" java.lang.IllegalMonitorStateException: attempt to unlock read lock, not locked by current thread
	at java.util.concurrent.locks.ReentrantReadWriteLock$Sync.unmatchedUnlockException(ReentrantReadWriteLock.java:444)
	at java.util.concurrent.locks.ReentrantReadWriteLock$Sync.tryReleaseShared(ReentrantReadWriteLock.java:428)
	at java.util.concurrent.locks.AbstractQueuedSynchronizer.releaseShared(AbstractQueuedSynchronizer.java:1341)
	at java.util.concurrent.locks.ReentrantReadWriteLock$ReadLock.unlock(ReentrantReadWriteLock.java:881)
	at edu.coursera.concurrent.CoarseLists$RWCoarseList.contains(CoarseLists.java:223)
	at edu.coursera.concurrent.ContainsTestThread.run(ContainsTestThread.java:21)
	at edu.coursera.concurrent.ListSetTest.lambda$launchAndJoinAll$4(ListSetTest.java:290)
	at java.lang.Thread.run(Thread.java:748)
Exception in thread "Thread-270" Exception in thread "Thread-271" Exception in thread "Thread-268" Exception in thread "Thread-269" java.lang.IllegalMonitorStateException: attempt to unlock read lock, not locked by current thread
	at java.util.concurrent.locks.ReentrantReadWriteLock$Sync.unmatchedUnlockException(ReentrantReadWriteLock.java:444)
	at java.util.concurrent.locks.ReentrantReadWriteLock$Sync.tryReleaseShared(ReentrantReadWriteLock.java:428)
	at java.util.concurrent.locks.AbstractQueuedSynchronizer.releaseShared(AbstractQueuedSynchronizer.java:1341)
	at java.util.concurrent.locks.ReentrantReadWriteLock$ReadLock.unlock(ReentrantReadWriteLock.java:881)
	at edu.coursera.concurrent.CoarseLists$RWCoarseList.contains(CoarseLists.java:223)
	at edu.coursera.concurrent.ContainsTestThread.run(ContainsTestThread.java:21)
	at edu.coursera.concurrent.ListSetTest.lambda$launchAndJoinAll$4(ListSetTest.java:290)
	at java.lang.Thread.run(Thread.java:748)
java.lang.IllegalMonitorStateException: attempt to unlock read lock, not locked by current thread
	at java.util.concurrent.locks.ReentrantReadWriteLock$Sync.unmatchedUnlockException(ReentrantReadWriteLock.java:444)
	at java.util.concurrent.locks.ReentrantReadWriteLock$Sync.tryReleaseShared(ReentrantReadWriteLock.java:428)
	at java.util.concurrent.locks.AbstractQueuedSynchronizer.releaseShared(AbstractQueuedSynchronizer.java:1341)
	at java.util.concurrent.locks.ReentrantReadWriteLock$ReadLock.unlock(ReentrantReadWriteLock.java:881)
	at edu.coursera.concurrent.CoarseLists$RWCoarseList.contains(CoarseLists.java:223)
	at edu.coursera.concurrent.ContainsTestThread.run(ContainsTestThread.java:21)
	at edu.coursera.concurrent.ListSetTest.lambda$launchAndJoinAll$4(ListSetTest.java:290)
	at java.lang.Thread.run(Thread.java:748)
java.lang.IllegalMonitorStateException: attempt to unlock read lock, not locked by current thread
	at java.util.concurrent.locks.ReentrantReadWriteLock$Sync.unmatchedUnlockException(ReentrantReadWriteLock.java:444)
	at java.util.concurrent.locks.ReentrantReadWriteLock$Sync.tryReleaseShared(ReentrantReadWriteLock.java:428)
	at java.util.concurrent.locks.AbstractQueuedSynchronizer.releaseShared(AbstractQueuedSynchronizer.java:1341)
	at java.util.concurrent.locks.ReentrantReadWriteLock$ReadLock.unlock(ReentrantReadWriteLock.java:881)
	at edu.coursera.concurrent.CoarseLists$RWCoarseList.contains(CoarseLists.java:223)
	at edu.coursera.concurrent.ContainsTestThread.run(ContainsTestThread.java:21)
	at edu.coursera.concurrent.ListSetTest.lambda$launchAndJoinAll$4(ListSetTest.java:290)
	at java.lang.Thread.run(Thread.java:748)
java.lang.IllegalMonitorStateException: attempt to unlock read lock, not locked by current thread
	at java.util.concurrent.locks.ReentrantReadWriteLock$Sync.unmatchedUnlockException(ReentrantReadWriteLock.java:444)
	at java.util.concurrent.locks.ReentrantReadWriteLock$Sync.tryReleaseShared(ReentrantReadWriteLock.java:428)
	at java.util.concurrent.locks.AbstractQueuedSynchronizer.releaseShared(AbstractQueuedSynchronizer.java:1341)
	at java.util.concurrent.locks.ReentrantReadWriteLock$ReadLock.unlock(ReentrantReadWriteLock.java:881)
	at edu.coursera.concurrent.CoarseLists$RWCoarseList.contains(CoarseLists.java:223)
	at edu.coursera.concurrent.ContainsTestThread.run(ContainsTestThread.java:21)
	at edu.coursera.concurrent.ListSetTest.lambda$launchAndJoinAll$4(ListSetTest.java:290)
	at java.lang.Thread.run(Thread.java:748)
Exception in thread "Thread-295" java.lang.IllegalMonitorStateException: attempt to unlock read lock, not locked by current thread
	at java.util.concurrent.locks.ReentrantReadWriteLock$Sync.unmatchedUnlockException(ReentrantReadWriteLock.java:444)
	at java.util.concurrent.locks.ReentrantReadWriteLock$Sync.tryReleaseShared(ReentrantReadWriteLock.java:428)
	at java.util.concurrent.locks.AbstractQueuedSynchronizer.releaseShared(AbstractQueuedSynchronizer.java:1341)
	at java.util.concurrent.locks.ReentrantReadWriteLock$ReadLock.unlock(ReentrantReadWriteLock.java:881)
	at edu.coursera.concurrent.CoarseLists$RWCoarseList.contains(CoarseLists.java:223)
	at edu.coursera.concurrent.ContainsTestThread.run(ContainsTestThread.java:21)
	at edu.coursera.concurrent.ListSetTest.lambda$launchAndJoinAll$4(ListSetTest.java:290)
	at java.lang.Thread.run(Thread.java:748)
Exception in thread "Thread-294" Exception in thread "Thread-293" java.lang.IllegalMonitorStateException: attempt to unlock read lock, not locked by current thread
	at java.util.concurrent.locks.ReentrantReadWriteLock$Sync.unmatchedUnlockException(ReentrantReadWriteLock.java:444)
	at java.util.concurrent.locks.ReentrantReadWriteLock$Sync.tryReleaseShared(ReentrantReadWriteLock.java:428)
	at java.util.concurrent.locks.AbstractQueuedSynchronizer.releaseShared(AbstractQueuedSynchronizer.java:1341)
	at java.util.concurrent.locks.ReentrantReadWriteLock$ReadLock.unlock(ReentrantReadWriteLock.java:881)
	at edu.coursera.concurrent.CoarseLists$RWCoarseList.contains(CoarseLists.java:223)
	at edu.coursera.concurrent.ContainsTestThread.run(ContainsTestThread.java:21)
	at edu.coursera.concurrent.ListSetTest.lambda$launchAndJoinAll$4(ListSetTest.java:290)
	at java.lang.Thread.run(Thread.java:748)
Exception in thread "Thread-292" java.lang.IllegalMonitorStateException: attempt to unlock read lock, not locked by current thread
	at java.util.concurrent.locks.ReentrantReadWriteLock$Sync.unmatchedUnlockException(ReentrantReadWriteLock.java:444)
	at java.util.concurrent.locks.ReentrantReadWriteLock$Sync.tryReleaseShared(ReentrantReadWriteLock.java:428)
	at java.util.concurrent.locks.AbstractQueuedSynchronizer.releaseShared(AbstractQueuedSynchronizer.java:1341)
	at java.util.concurrent.locks.ReentrantReadWriteLock$ReadLock.unlock(ReentrantReadWriteLock.java:881)
	at edu.coursera.concurrent.CoarseLists$RWCoarseList.contains(CoarseLists.java:223)
	at edu.coursera.concurrent.ContainsTestThread.run(ContainsTestThread.java:21)
	at edu.coursera.concurrent.ListSetTest.lambda$launchAndJoinAll$4(ListSetTest.java:290)
	at java.lang.Thread.run(Thread.java:748)
java.lang.IllegalMonitorStateException: attempt to unlock read lock, not locked by current thread
	at java.util.concurrent.locks.ReentrantReadWriteLock$Sync.unmatchedUnlockException(ReentrantReadWriteLock.java:444)
	at java.util.concurrent.locks.ReentrantReadWriteLock$Sync.tryReleaseShared(ReentrantReadWriteLock.java:428)
	at java.util.concurrent.locks.AbstractQueuedSynchronizer.releaseShared(AbstractQueuedSynchronizer.java:1341)
	at java.util.concurrent.locks.ReentrantReadWriteLock$ReadLock.unlock(ReentrantReadWriteLock.java:881)
	at edu.coursera.concurrent.CoarseLists$RWCoarseList.contains(CoarseLists.java:223)
	at edu.coursera.concurrent.ContainsTestThread.run(ContainsTestThread.java:21)
	at edu.coursera.concurrent.ListSetTest.lambda$launchAndJoinAll$4(ListSetTest.java:290)
	at java.lang.Thread.run(Thread.java:748)
Exception in thread "Thread-316" Exception in thread "Thread-318" java.lang.IllegalMonitorStateException: attempt to unlock read lock, not locked by current thread
	at java.util.concurrent.locks.ReentrantReadWriteLock$Sync.unmatchedUnlockException(ReentrantReadWriteLock.java:444)
	at java.util.concurrent.locks.ReentrantReadWriteLock$Sync.tryReleaseShared(ReentrantReadWriteLock.java:428)
	at java.util.concurrent.locks.AbstractQueuedSynchronizer.releaseShared(AbstractQueuedSynchronizer.java:1341)
	at java.util.concurrent.locks.ReentrantReadWriteLock$ReadLock.unlock(ReentrantReadWriteLock.java:881)
	at edu.coursera.concurrent.CoarseLists$RWCoarseList.contains(CoarseLists.java:223)
	at edu.coursera.concurrent.ContainsTestThread.run(ContainsTestThread.java:21)
	at edu.coursera.concurrent.ListSetTest.lambda$launchAndJoinAll$4(ListSetTest.java:290)
	at java.lang.Thread.run(Thread.java:748)
java.lang.IllegalMonitorStateException: attempt to unlock read lock, not locked by current thread
	at java.util.concurrent.locks.ReentrantReadWriteLock$Sync.unmatchedUnlockException(ReentrantReadWriteLock.java:444)
	at java.util.concurrent.locks.ReentrantReadWriteLock$Sync.tryReleaseShared(ReentrantReadWriteLock.java:428)
	at java.util.concurrent.locks.AbstractQueuedSynchronizer.releaseShared(AbstractQueuedSynchronizer.java:1341)
	at java.util.concurrent.locks.ReentrantReadWriteLock$ReadLock.unlock(ReentrantReadWriteLock.java:881)
	at edu.coursera.concurrent.CoarseLists$RWCoarseList.contains(CoarseLists.java:223)
	at edu.coursera.concurrent.ContainsTestThread.run(ContainsTestThread.java:21)
	at edu.coursera.concurrent.ListSetTest.lambda$launchAndJoinAll$4(ListSetTest.java:290)
	at java.lang.Thread.run(Thread.java:748)
Exception in thread "Thread-319" java.lang.IllegalMonitorStateException: attempt to unlock read lock, not locked by current thread
	at java.util.concurrent.locks.ReentrantReadWriteLock$Sync.unmatchedUnlockException(ReentrantReadWriteLock.java:444)
	at java.util.concurrent.locks.ReentrantReadWriteLock$Sync.tryReleaseShared(ReentrantReadWriteLock.java:428)
	at java.util.concurrent.locks.AbstractQueuedSynchronizer.releaseShared(AbstractQueuedSynchronizer.java:1341)
	at java.util.concurrent.locks.ReentrantReadWriteLock$ReadLock.unlock(ReentrantReadWriteLock.java:881)
	at edu.coursera.concurrent.CoarseLists$RWCoarseList.contains(CoarseLists.java:223)
	at edu.coursera.concurrent.ContainsTestThread.run(ContainsTestThread.java:21)
	at edu.coursera.concurrent.ListSetTest.lambda$launchAndJoinAll$4(ListSetTest.java:290)
	at java.lang.Thread.run(Thread.java:748)
Exception in thread "Thread-317" java.lang.IllegalMonitorStateException: attempt to unlock read lock, not locked by current thread
	at java.util.concurrent.locks.ReentrantReadWriteLock$Sync.unmatchedUnlockException(ReentrantReadWriteLock.java:444)
	at java.util.concurrent.locks.ReentrantReadWriteLock$Sync.tryReleaseShared(ReentrantReadWriteLock.java:428)
	at java.util.concurrent.locks.AbstractQueuedSynchronizer.releaseShared(AbstractQueuedSynchronizer.java:1341)
	at java.util.concurrent.locks.ReentrantReadWriteLock$ReadLock.unlock(ReentrantReadWriteLock.java:881)
	at edu.coursera.concurrent.CoarseLists$RWCoarseList.contains(CoarseLists.java:223)
	at edu.coursera.concurrent.ContainsTestThread.run(ContainsTestThread.java:21)
	at edu.coursera.concurrent.ListSetTest.lambda$launchAndJoinAll$4(ListSetTest.java:290)
	at java.lang.Thread.run(Thread.java:748)
Exception in thread "Thread-343" java.lang.IllegalMonitorStateException: attempt to unlock read lock, not locked by current thread
	at java.util.concurrent.locks.ReentrantReadWriteLock$Sync.unmatchedUnlockException(ReentrantReadWriteLock.java:444)
	at java.util.concurrent.locks.ReentrantReadWriteLock$Sync.tryReleaseShared(ReentrantReadWriteLock.java:428)
	at java.util.concurrent.locks.AbstractQueuedSynchronizer.releaseShared(AbstractQueuedSynchronizer.java:1341)
	at java.util.concurrent.locks.ReentrantReadWriteLock$ReadLock.unlock(ReentrantReadWriteLock.java:881)
	at edu.coursera.concurrent.CoarseLists$RWCoarseList.contains(CoarseLists.java:223)
	at edu.coursera.concurrent.ContainsTestThread.run(ContainsTestThread.java:21)
	at edu.coursera.concurrent.ListSetTest.lambda$launchAndJoinAll$4(ListSetTest.java:290)
	at java.lang.Thread.run(Thread.java:748)
Exception in thread "Thread-341" Exception in thread "Thread-342" Exception in thread "Thread-340" java.lang.IllegalMonitorStateException: attempt to unlock read lock, not locked by current thread
	at java.util.concurrent.locks.ReentrantReadWriteLock$Sync.unmatchedUnlockException(ReentrantReadWriteLock.java:444)
	at java.util.concurrent.locks.ReentrantReadWriteLock$Sync.tryReleaseShared(ReentrantReadWriteLock.java:428)
	at java.util.concurrent.locks.AbstractQueuedSynchronizer.releaseShared(AbstractQueuedSynchronizer.java:1341)
	at java.util.concurrent.locks.ReentrantReadWriteLock$ReadLock.unlock(ReentrantReadWriteLock.java:881)
	at edu.coursera.concurrent.CoarseLists$RWCoarseList.contains(CoarseLists.java:223)
	at edu.coursera.concurrent.ContainsTestThread.run(ContainsTestThread.java:21)
	at edu.coursera.concurrent.ListSetTest.lambda$launchAndJoinAll$4(ListSetTest.java:290)
	at java.lang.Thread.run(Thread.java:748)
java.lang.IllegalMonitorStateException: attempt to unlock read lock, not locked by current thread
	at java.util.concurrent.locks.ReentrantReadWriteLock$Sync.unmatchedUnlockException(ReentrantReadWriteLock.java:444)
	at java.util.concurrent.locks.ReentrantReadWriteLock$Sync.tryReleaseShared(ReentrantReadWriteLock.java:428)
	at java.util.concurrent.locks.AbstractQueuedSynchronizer.releaseShared(AbstractQueuedSynchronizer.java:1341)
	at java.util.concurrent.locks.ReentrantReadWriteLock$ReadLock.unlock(ReentrantReadWriteLock.java:881)
	at edu.coursera.concurrent.CoarseLists$RWCoarseList.contains(CoarseLists.java:223)
	at edu.coursera.concurrent.ContainsTestThread.run(ContainsTestThread.java:21)
	at edu.coursera.concurrent.ListSetTest.lambda$launchAndJoinAll$4(ListSetTest.java:290)
	at java.lang.Thread.run(Thread.java:748)
java.lang.IllegalMonitorStateException: attempt to unlock read lock, not locked by current thread
	at java.util.concurrent.locks.ReentrantReadWriteLock$Sync.unmatchedUnlockException(ReentrantReadWriteLock.java:444)
	at java.util.concurrent.locks.ReentrantReadWriteLock$Sync.tryReleaseShared(ReentrantReadWriteLock.java:428)
	at java.util.concurrent.locks.AbstractQueuedSynchronizer.releaseShared(AbstractQueuedSynchronizer.java:1341)
	at java.util.concurrent.locks.ReentrantReadWriteLock$ReadLock.unlock(ReentrantReadWriteLock.java:881)
	at edu.coursera.concurrent.CoarseLists$RWCoarseList.contains(CoarseLists.java:223)
	at edu.coursera.concurrent.ContainsTestThread.run(ContainsTestThread.java:21)
	at edu.coursera.concurrent.ListSetTest.lambda$launchAndJoinAll$4(ListSetTest.java:290)
	at java.lang.Thread.run(Thread.java:748)
]]></system-err>
  </testcase>
  <testcase name="testReadWriteLocksRepeatingLarge" classname="edu.coursera.concurrent.ListSetTest" time="52.388">
    <failure message="expected:&lt;240000&gt; but was:&lt;0&gt;" type="junit.framework.AssertionFailedError"><![CDATA[junit.framework.AssertionFailedError: expected:<240000> but was:<0>
	at junit.framework.Assert.fail(Assert.java:47)
	at junit.framework.Assert.failNotEquals(Assert.java:280)
	at junit.framework.Assert.assertEquals(Assert.java:64)
	at junit.framework.Assert.assertEquals(Assert.java:198)
	at junit.framework.Assert.assertEquals(Assert.java:204)
	at edu.coursera.concurrent.ListSetTest.testReadWriteLocksHelper(ListSetTest.java:199)
	at edu.coursera.concurrent.ListSetTest.testReadWriteLocksRepeatingLarge(ListSetTest.java:117)
]]></failure>
    <system-out><![CDATA[=========================================================
RWCoarseList vs. SyncList (Large Repeating)
=========================================================
# threads = 4
0.9856770833333333x improvement in add throughput (84.5442536327609 -> 83.33333333333333)
Infinityx improvement in contains throughput (95.96161535385846 -> Infinity)
0.6435705368289638x improvement in remove throughput (931.1348205625607 -> 599.2509363295881)
=========================================================
]]></system-out>
    <system-err><![CDATA[Exception in thread "Thread-367" Exception in thread "Thread-365" Exception in thread "Thread-366" java.lang.IllegalMonitorStateException: attempt to unlock read lock, not locked by current thread
	at java.util.concurrent.locks.ReentrantReadWriteLock$Sync.unmatchedUnlockException(ReentrantReadWriteLock.java:444)
	at java.util.concurrent.locks.ReentrantReadWriteLock$Sync.tryReleaseShared(ReentrantReadWriteLock.java:428)
	at java.util.concurrent.locks.AbstractQueuedSynchronizer.releaseShared(AbstractQueuedSynchronizer.java:1341)
	at java.util.concurrent.locks.ReentrantReadWriteLock$ReadLock.unlock(ReentrantReadWriteLock.java:881)
	at edu.coursera.concurrent.CoarseLists$RWCoarseList.contains(CoarseLists.java:223)
	at edu.coursera.concurrent.ContainsTestThread.run(ContainsTestThread.java:21)
	at edu.coursera.concurrent.ListSetTest.lambda$launchAndJoinAll$4(ListSetTest.java:290)
	at java.lang.Thread.run(Thread.java:748)
java.lang.IllegalMonitorStateException: attempt to unlock read lock, not locked by current thread
	at java.util.concurrent.locks.ReentrantReadWriteLock$Sync.unmatchedUnlockException(ReentrantReadWriteLock.java:444)
	at java.util.concurrent.locks.ReentrantReadWriteLock$Sync.tryReleaseShared(ReentrantReadWriteLock.java:428)
	at java.util.concurrent.locks.AbstractQueuedSynchronizer.releaseShared(AbstractQueuedSynchronizer.java:1341)
	at java.util.concurrent.locks.ReentrantReadWriteLock$ReadLock.unlock(ReentrantReadWriteLock.java:881)
	at edu.coursera.concurrent.CoarseLists$RWCoarseList.contains(CoarseLists.java:223)
	at edu.coursera.concurrent.ContainsTestThread.run(ContainsTestThread.java:21)
	at edu.coursera.concurrent.ListSetTest.lambda$launchAndJoinAll$4(ListSetTest.java:290)
	at java.lang.Thread.run(Thread.java:748)
Exception in thread "Thread-364" java.lang.IllegalMonitorStateException: attempt to unlock read lock, not locked by current thread
	at java.util.concurrent.locks.ReentrantReadWriteLock$Sync.unmatchedUnlockException(ReentrantReadWriteLock.java:444)
	at java.util.concurrent.locks.ReentrantReadWriteLock$Sync.tryReleaseShared(ReentrantReadWriteLock.java:428)
	at java.util.concurrent.locks.AbstractQueuedSynchronizer.releaseShared(AbstractQueuedSynchronizer.java:1341)
	at java.util.concurrent.locks.ReentrantReadWriteLock$ReadLock.unlock(ReentrantReadWriteLock.java:881)
	at edu.coursera.concurrent.CoarseLists$RWCoarseList.contains(CoarseLists.java:223)
	at edu.coursera.concurrent.ContainsTestThread.run(ContainsTestThread.java:21)
	at edu.coursera.concurrent.ListSetTest.lambda$launchAndJoinAll$4(ListSetTest.java:290)
	at java.lang.Thread.run(Thread.java:748)
java.lang.IllegalMonitorStateException: attempt to unlock read lock, not locked by current thread
	at java.util.concurrent.locks.ReentrantReadWriteLock$Sync.unmatchedUnlockException(ReentrantReadWriteLock.java:444)
	at java.util.concurrent.locks.ReentrantReadWriteLock$Sync.tryReleaseShared(ReentrantReadWriteLock.java:428)
	at java.util.concurrent.locks.AbstractQueuedSynchronizer.releaseShared(AbstractQueuedSynchronizer.java:1341)
	at java.util.concurrent.locks.ReentrantReadWriteLock$ReadLock.unlock(ReentrantReadWriteLock.java:881)
	at edu.coursera.concurrent.CoarseLists$RWCoarseList.contains(CoarseLists.java:223)
	at edu.coursera.concurrent.ContainsTestThread.run(ContainsTestThread.java:21)
	at edu.coursera.concurrent.ListSetTest.lambda$launchAndJoinAll$4(ListSetTest.java:290)
	at java.lang.Thread.run(Thread.java:748)
Exception in thread "Thread-388" java.lang.IllegalMonitorStateException: attempt to unlock read lock, not locked by current thread
	at java.util.concurrent.locks.ReentrantReadWriteLock$Sync.unmatchedUnlockException(ReentrantReadWriteLock.java:444)
	at java.util.concurrent.locks.ReentrantReadWriteLock$Sync.tryReleaseShared(ReentrantReadWriteLock.java:428)
	at java.util.concurrent.locks.AbstractQueuedSynchronizer.releaseShared(AbstractQueuedSynchronizer.java:1341)
	at java.util.concurrent.locks.ReentrantReadWriteLock$ReadLock.unlock(ReentrantReadWriteLock.java:881)
	at edu.coursera.concurrent.CoarseLists$RWCoarseList.contains(CoarseLists.java:223)
	at edu.coursera.concurrent.ContainsTestThread.run(ContainsTestThread.java:21)
	at edu.coursera.concurrent.ListSetTest.lambda$launchAndJoinAll$4(ListSetTest.java:290)
	at java.lang.Thread.run(Thread.java:748)
Exception in thread "Thread-389" java.lang.IllegalMonitorStateException: attempt to unlock read lock, not locked by current thread
	at java.util.concurrent.locks.ReentrantReadWriteLock$Sync.unmatchedUnlockException(ReentrantReadWriteLock.java:444)
	at java.util.concurrent.locks.ReentrantReadWriteLock$Sync.tryReleaseShared(ReentrantReadWriteLock.java:428)
	at java.util.concurrent.locks.AbstractQueuedSynchronizer.releaseShared(AbstractQueuedSynchronizer.java:1341)
	at java.util.concurrent.locks.ReentrantReadWriteLock$ReadLock.unlock(ReentrantReadWriteLock.java:881)
	at edu.coursera.concurrent.CoarseLists$RWCoarseList.contains(CoarseLists.java:223)
	at edu.coursera.concurrent.ContainsTestThread.run(ContainsTestThread.java:21)
	at edu.coursera.concurrent.ListSetTest.lambda$launchAndJoinAll$4(ListSetTest.java:290)
	at java.lang.Thread.run(Thread.java:748)
Exception in thread "Thread-390" java.lang.IllegalMonitorStateException: attempt to unlock read lock, not locked by current thread
	at java.util.concurrent.locks.ReentrantReadWriteLock$Sync.unmatchedUnlockException(ReentrantReadWriteLock.java:444)
	at java.util.concurrent.locks.ReentrantReadWriteLock$Sync.tryReleaseShared(ReentrantReadWriteLock.java:428)
	at java.util.concurrent.locks.AbstractQueuedSynchronizer.releaseShared(AbstractQueuedSynchronizer.java:1341)
	at java.util.concurrent.locks.ReentrantReadWriteLock$ReadLock.unlock(ReentrantReadWriteLock.java:881)
	at edu.coursera.concurrent.CoarseLists$RWCoarseList.contains(CoarseLists.java:223)
	at edu.coursera.concurrent.ContainsTestThread.run(ContainsTestThread.java:21)
	at edu.coursera.concurrent.ListSetTest.lambda$launchAndJoinAll$4(ListSetTest.java:290)
	at java.lang.Thread.run(Thread.java:748)
Exception in thread "Thread-391" java.lang.IllegalMonitorStateException: attempt to unlock read lock, not locked by current thread
	at java.util.concurrent.locks.ReentrantReadWriteLock$Sync.unmatchedUnlockException(ReentrantReadWriteLock.java:444)
	at java.util.concurrent.locks.ReentrantReadWriteLock$Sync.tryReleaseShared(ReentrantReadWriteLock.java:428)
	at java.util.concurrent.locks.AbstractQueuedSynchronizer.releaseShared(AbstractQueuedSynchronizer.java:1341)
	at java.util.concurrent.locks.ReentrantReadWriteLock$ReadLock.unlock(ReentrantReadWriteLock.java:881)
	at edu.coursera.concurrent.CoarseLists$RWCoarseList.contains(CoarseLists.java:223)
	at edu.coursera.concurrent.ContainsTestThread.run(ContainsTestThread.java:21)
	at edu.coursera.concurrent.ListSetTest.lambda$launchAndJoinAll$4(ListSetTest.java:290)
	at java.lang.Thread.run(Thread.java:748)
Exception in thread "Thread-415" java.lang.IllegalMonitorStateException: attempt to unlock read lock, not locked by current thread
	at java.util.concurrent.locks.ReentrantReadWriteLock$Sync.unmatchedUnlockException(ReentrantReadWriteLock.java:444)
	at java.util.concurrent.locks.ReentrantReadWriteLock$Sync.tryReleaseShared(ReentrantReadWriteLock.java:428)
	at java.util.concurrent.locks.AbstractQueuedSynchronizer.releaseShared(AbstractQueuedSynchronizer.java:1341)
	at java.util.concurrent.locks.ReentrantReadWriteLock$ReadLock.unlock(ReentrantReadWriteLock.java:881)
	at edu.coursera.concurrent.CoarseLists$RWCoarseList.contains(CoarseLists.java:223)
	at edu.coursera.concurrent.ContainsTestThread.run(ContainsTestThread.java:21)
	at edu.coursera.concurrent.ListSetTest.lambda$launchAndJoinAll$4(ListSetTest.java:290)
	at java.lang.Thread.run(Thread.java:748)
Exception in thread "Thread-412" Exception in thread "Thread-414" Exception in thread "Thread-413" java.lang.IllegalMonitorStateException: attempt to unlock read lock, not locked by current thread
	at java.util.concurrent.locks.ReentrantReadWriteLock$Sync.unmatchedUnlockException(ReentrantReadWriteLock.java:444)
	at java.util.concurrent.locks.ReentrantReadWriteLock$Sync.tryReleaseShared(ReentrantReadWriteLock.java:428)
	at java.util.concurrent.locks.AbstractQueuedSynchronizer.releaseShared(AbstractQueuedSynchronizer.java:1341)
	at java.util.concurrent.locks.ReentrantReadWriteLock$ReadLock.unlock(ReentrantReadWriteLock.java:881)
	at edu.coursera.concurrent.CoarseLists$RWCoarseList.contains(CoarseLists.java:223)
	at edu.coursera.concurrent.ContainsTestThread.run(ContainsTestThread.java:21)
	at edu.coursera.concurrent.ListSetTest.lambda$launchAndJoinAll$4(ListSetTest.java:290)
	at java.lang.Thread.run(Thread.java:748)
java.lang.IllegalMonitorStateException: attempt to unlock read lock, not locked by current thread
	at java.util.concurrent.locks.ReentrantReadWriteLock$Sync.unmatchedUnlockException(ReentrantReadWriteLock.java:444)
	at java.util.concurrent.locks.ReentrantReadWriteLock$Sync.tryReleaseShared(ReentrantReadWriteLock.java:428)
	at java.util.concurrent.locks.AbstractQueuedSynchronizer.releaseShared(AbstractQueuedSynchronizer.java:1341)
	at java.util.concurrent.locks.ReentrantReadWriteLock$ReadLock.unlock(ReentrantReadWriteLock.java:881)
	at edu.coursera.concurrent.CoarseLists$RWCoarseList.contains(CoarseLists.java:223)
	at edu.coursera.concurrent.ContainsTestThread.run(ContainsTestThread.java:21)
	at edu.coursera.concurrent.ListSetTest.lambda$launchAndJoinAll$4(ListSetTest.java:290)
	at java.lang.Thread.run(Thread.java:748)
java.lang.IllegalMonitorStateException: attempt to unlock read lock, not locked by current thread
	at java.util.concurrent.locks.ReentrantReadWriteLock$Sync.unmatchedUnlockException(ReentrantReadWriteLock.java:444)
	at java.util.concurrent.locks.ReentrantReadWriteLock$Sync.tryReleaseShared(ReentrantReadWriteLock.java:428)
	at java.util.concurrent.locks.AbstractQueuedSynchronizer.releaseShared(AbstractQueuedSynchronizer.java:1341)
	at java.util.concurrent.locks.ReentrantReadWriteLock$ReadLock.unlock(ReentrantReadWriteLock.java:881)
	at edu.coursera.concurrent.CoarseLists$RWCoarseList.contains(CoarseLists.java:223)
	at edu.coursera.concurrent.ContainsTestThread.run(ContainsTestThread.java:21)
	at edu.coursera.concurrent.ListSetTest.lambda$launchAndJoinAll$4(ListSetTest.java:290)
	at java.lang.Thread.run(Thread.java:748)
Exception in thread "Thread-438" java.lang.IllegalMonitorStateException: attempt to unlock read lock, not locked by current thread
	at java.util.concurrent.locks.ReentrantReadWriteLock$Sync.unmatchedUnlockException(ReentrantReadWriteLock.java:444)
	at java.util.concurrent.locks.ReentrantReadWriteLock$Sync.tryReleaseShared(ReentrantReadWriteLock.java:428)
	at java.util.concurrent.locks.AbstractQueuedSynchronizer.releaseShared(AbstractQueuedSynchronizer.java:1341)
	at java.util.concurrent.locks.ReentrantReadWriteLock$ReadLock.unlock(ReentrantReadWriteLock.java:881)
	at edu.coursera.concurrent.CoarseLists$RWCoarseList.contains(CoarseLists.java:223)
	at edu.coursera.concurrent.ContainsTestThread.run(ContainsTestThread.java:21)
	at edu.coursera.concurrent.ListSetTest.lambda$launchAndJoinAll$4(ListSetTest.java:290)
	at java.lang.Thread.run(Thread.java:748)
Exception in thread "Thread-436" Exception in thread "Thread-437" java.lang.IllegalMonitorStateException: attempt to unlock read lock, not locked by current thread
	at java.util.concurrent.locks.ReentrantReadWriteLock$Sync.unmatchedUnlockException(ReentrantReadWriteLock.java:444)
	at java.util.concurrent.locks.ReentrantReadWriteLock$Sync.tryReleaseShared(ReentrantReadWriteLock.java:428)
	at java.util.concurrent.locks.AbstractQueuedSynchronizer.releaseShared(AbstractQueuedSynchronizer.java:1341)
	at java.util.concurrent.locks.ReentrantReadWriteLock$ReadLock.unlock(ReentrantReadWriteLock.java:881)
	at edu.coursera.concurrent.CoarseLists$RWCoarseList.contains(CoarseLists.java:223)
	at edu.coursera.concurrent.ContainsTestThread.run(ContainsTestThread.java:21)
	at edu.coursera.concurrent.ListSetTest.lambda$launchAndJoinAll$4(ListSetTest.java:290)
	at java.lang.Thread.run(Thread.java:748)
java.lang.IllegalMonitorStateException: attempt to unlock read lock, not locked by current thread
	at java.util.concurrent.locks.ReentrantReadWriteLock$Sync.unmatchedUnlockException(ReentrantReadWriteLock.java:444)
	at java.util.concurrent.locks.ReentrantReadWriteLock$Sync.tryReleaseShared(ReentrantReadWriteLock.java:428)
	at java.util.concurrent.locks.AbstractQueuedSynchronizer.releaseShared(AbstractQueuedSynchronizer.java:1341)
	at java.util.concurrent.locks.ReentrantReadWriteLock$ReadLock.unlock(ReentrantReadWriteLock.java:881)
	at edu.coursera.concurrent.CoarseLists$RWCoarseList.contains(CoarseLists.java:223)
	at edu.coursera.concurrent.ContainsTestThread.run(ContainsTestThread.java:21)
	at edu.coursera.concurrent.ListSetTest.lambda$launchAndJoinAll$4(ListSetTest.java:290)
	at java.lang.Thread.run(Thread.java:748)
Exception in thread "Thread-439" java.lang.IllegalMonitorStateException: attempt to unlock read lock, not locked by current thread
	at java.util.concurrent.locks.ReentrantReadWriteLock$Sync.unmatchedUnlockException(ReentrantReadWriteLock.java:444)
	at java.util.concurrent.locks.ReentrantReadWriteLock$Sync.tryReleaseShared(ReentrantReadWriteLock.java:428)
	at java.util.concurrent.locks.AbstractQueuedSynchronizer.releaseShared(AbstractQueuedSynchronizer.java:1341)
	at java.util.concurrent.locks.ReentrantReadWriteLock$ReadLock.unlock(ReentrantReadWriteLock.java:881)
	at edu.coursera.concurrent.CoarseLists$RWCoarseList.contains(CoarseLists.java:223)
	at edu.coursera.concurrent.ContainsTestThread.run(ContainsTestThread.java:21)
	at edu.coursera.concurrent.ListSetTest.lambda$launchAndJoinAll$4(ListSetTest.java:290)
	at java.lang.Thread.run(Thread.java:748)
Exception in thread "Thread-463" Exception in thread "Thread-461" java.lang.IllegalMonitorStateException: attempt to unlock read lock, not locked by current thread
	at java.util.concurrent.locks.ReentrantReadWriteLock$Sync.unmatchedUnlockException(ReentrantReadWriteLock.java:444)
	at java.util.concurrent.locks.ReentrantReadWriteLock$Sync.tryReleaseShared(ReentrantReadWriteLock.java:428)
	at java.util.concurrent.locks.AbstractQueuedSynchronizer.releaseShared(AbstractQueuedSynchronizer.java:1341)
	at java.util.concurrent.locks.ReentrantReadWriteLock$ReadLock.unlock(ReentrantReadWriteLock.java:881)
	at edu.coursera.concurrent.CoarseLists$RWCoarseList.contains(CoarseLists.java:223)
	at edu.coursera.concurrent.ContainsTestThread.run(ContainsTestThread.java:21)
	at edu.coursera.concurrent.ListSetTest.lambda$launchAndJoinAll$4(ListSetTest.java:290)
	at java.lang.Thread.run(Thread.java:748)
Exception in thread "Thread-460" Exception in thread "Thread-462" java.lang.IllegalMonitorStateException: attempt to unlock read lock, not locked by current thread
	at java.util.concurrent.locks.ReentrantReadWriteLock$Sync.unmatchedUnlockException(ReentrantReadWriteLock.java:444)
	at java.util.concurrent.locks.ReentrantReadWriteLock$Sync.tryReleaseShared(ReentrantReadWriteLock.java:428)
	at java.util.concurrent.locks.AbstractQueuedSynchronizer.releaseShared(AbstractQueuedSynchronizer.java:1341)
	at java.util.concurrent.locks.ReentrantReadWriteLock$ReadLock.unlock(ReentrantReadWriteLock.java:881)
	at edu.coursera.concurrent.CoarseLists$RWCoarseList.contains(CoarseLists.java:223)
	at edu.coursera.concurrent.ContainsTestThread.run(ContainsTestThread.java:21)
	at edu.coursera.concurrent.ListSetTest.lambda$launchAndJoinAll$4(ListSetTest.java:290)
	at java.lang.Thread.run(Thread.java:748)
java.lang.IllegalMonitorStateException: attempt to unlock read lock, not locked by current thread
	at java.util.concurrent.locks.ReentrantReadWriteLock$Sync.unmatchedUnlockException(ReentrantReadWriteLock.java:444)
	at java.util.concurrent.locks.ReentrantReadWriteLock$Sync.tryReleaseShared(ReentrantReadWriteLock.java:428)
	at java.util.concurrent.locks.AbstractQueuedSynchronizer.releaseShared(AbstractQueuedSynchronizer.java:1341)
	at java.util.concurrent.locks.ReentrantReadWriteLock$ReadLock.unlock(ReentrantReadWriteLock.java:881)
	at edu.coursera.concurrent.CoarseLists$RWCoarseList.contains(CoarseLists.java:223)
	at edu.coursera.concurrent.ContainsTestThread.run(ContainsTestThread.java:21)
	at edu.coursera.concurrent.ListSetTest.lambda$launchAndJoinAll$4(ListSetTest.java:290)
	at java.lang.Thread.run(Thread.java:748)
java.lang.IllegalMonitorStateException: attempt to unlock read lock, not locked by current thread
	at java.util.concurrent.locks.ReentrantReadWriteLock$Sync.unmatchedUnlockException(ReentrantReadWriteLock.java:444)
	at java.util.concurrent.locks.ReentrantReadWriteLock$Sync.tryReleaseShared(ReentrantReadWriteLock.java:428)
	at java.util.concurrent.locks.AbstractQueuedSynchronizer.releaseShared(AbstractQueuedSynchronizer.java:1341)
	at java.util.concurrent.locks.ReentrantReadWriteLock$ReadLock.unlock(ReentrantReadWriteLock.java:881)
	at edu.coursera.concurrent.CoarseLists$RWCoarseList.contains(CoarseLists.java:223)
	at edu.coursera.concurrent.ContainsTestThread.run(ContainsTestThread.java:21)
	at edu.coursera.concurrent.ListSetTest.lambda$launchAndJoinAll$4(ListSetTest.java:290)
	at java.lang.Thread.run(Thread.java:748)
]]></system-err>
  </testcase>
  <testcase name="testReadWriteLocksRepeatingSmall" classname="edu.coursera.concurrent.ListSetTest" time="28.618">
    <failure message="expected:&lt;120000&gt; but was:&lt;0&gt;" type="junit.framework.AssertionFailedError"><![CDATA[junit.framework.AssertionFailedError: expected:<120000> but was:<0>
	at junit.framework.Assert.fail(Assert.java:47)
	at junit.framework.Assert.failNotEquals(Assert.java:280)
	at junit.framework.Assert.assertEquals(Assert.java:64)
	at junit.framework.Assert.assertEquals(Assert.java:198)
	at junit.framework.Assert.assertEquals(Assert.java:204)
	at edu.coursera.concurrent.ListSetTest.testReadWriteLocksHelper(ListSetTest.java:199)
	at edu.coursera.concurrent.ListSetTest.testReadWriteLocksRepeatingSmall(ListSetTest.java:133)
]]></failure>
    <system-out><![CDATA[=========================================================
RWCoarseList vs. SyncList (Small Repeating)
=========================================================
# threads = 4
0.908562197092084x improvement in add throughput (85.34850640113798 -> 77.54442649434571)
Infinityx improvement in contains throughput (97.0873786407767 -> Infinity)
1.0955555555555554x improvement in remove throughput (324.54361054766736 -> 355.55555555555554)
=========================================================
]]></system-out>
    <system-err><![CDATA[Exception in thread "Thread-485" Exception in thread "Thread-484" java.lang.IllegalMonitorStateException: attempt to unlock read lock, not locked by current thread
	at java.util.concurrent.locks.ReentrantReadWriteLock$Sync.unmatchedUnlockException(ReentrantReadWriteLock.java:444)
	at java.util.concurrent.locks.ReentrantReadWriteLock$Sync.tryReleaseShared(ReentrantReadWriteLock.java:428)
	at java.util.concurrent.locks.AbstractQueuedSynchronizer.releaseShared(AbstractQueuedSynchronizer.java:1341)
	at java.util.concurrent.locks.ReentrantReadWriteLock$ReadLock.unlock(ReentrantReadWriteLock.java:881)
	at edu.coursera.concurrent.CoarseLists$RWCoarseList.contains(CoarseLists.java:223)
	at edu.coursera.concurrent.ContainsTestThread.run(ContainsTestThread.java:21)
	at edu.coursera.concurrent.ListSetTest.lambda$launchAndJoinAll$4(ListSetTest.java:290)
	at java.lang.Thread.run(Thread.java:748)
Exception in thread "Thread-486" java.lang.IllegalMonitorStateException: attempt to unlock read lock, not locked by current thread
	at java.util.concurrent.locks.ReentrantReadWriteLock$Sync.unmatchedUnlockException(ReentrantReadWriteLock.java:444)
	at java.util.concurrent.locks.ReentrantReadWriteLock$Sync.tryReleaseShared(ReentrantReadWriteLock.java:428)
	at java.util.concurrent.locks.AbstractQueuedSynchronizer.releaseShared(AbstractQueuedSynchronizer.java:1341)
	at java.util.concurrent.locks.ReentrantReadWriteLock$ReadLock.unlock(ReentrantReadWriteLock.java:881)
	at edu.coursera.concurrent.CoarseLists$RWCoarseList.contains(CoarseLists.java:223)
	at edu.coursera.concurrent.ContainsTestThread.run(ContainsTestThread.java:21)
	at edu.coursera.concurrent.ListSetTest.lambda$launchAndJoinAll$4(ListSetTest.java:290)
	at java.lang.Thread.run(Thread.java:748)
java.lang.IllegalMonitorStateException: attempt to unlock read lock, not locked by current thread
	at java.util.concurrent.locks.ReentrantReadWriteLock$Sync.unmatchedUnlockException(ReentrantReadWriteLock.java:444)
	at java.util.concurrent.locks.ReentrantReadWriteLock$Sync.tryReleaseShared(ReentrantReadWriteLock.java:428)
	at java.util.concurrent.locks.AbstractQueuedSynchronizer.releaseShared(AbstractQueuedSynchronizer.java:1341)
	at java.util.concurrent.locks.ReentrantReadWriteLock$ReadLock.unlock(ReentrantReadWriteLock.java:881)
	at edu.coursera.concurrent.CoarseLists$RWCoarseList.contains(CoarseLists.java:223)
	at edu.coursera.concurrent.ContainsTestThread.run(ContainsTestThread.java:21)
	at edu.coursera.concurrent.ListSetTest.lambda$launchAndJoinAll$4(ListSetTest.java:290)
	at java.lang.Thread.run(Thread.java:748)
Exception in thread "Thread-487" java.lang.IllegalMonitorStateException: attempt to unlock read lock, not locked by current thread
	at java.util.concurrent.locks.ReentrantReadWriteLock$Sync.unmatchedUnlockException(ReentrantReadWriteLock.java:444)
	at java.util.concurrent.locks.ReentrantReadWriteLock$Sync.tryReleaseShared(ReentrantReadWriteLock.java:428)
	at java.util.concurrent.locks.AbstractQueuedSynchronizer.releaseShared(AbstractQueuedSynchronizer.java:1341)
	at java.util.concurrent.locks.ReentrantReadWriteLock$ReadLock.unlock(ReentrantReadWriteLock.java:881)
	at edu.coursera.concurrent.CoarseLists$RWCoarseList.contains(CoarseLists.java:223)
	at edu.coursera.concurrent.ContainsTestThread.run(ContainsTestThread.java:21)
	at edu.coursera.concurrent.ListSetTest.lambda$launchAndJoinAll$4(ListSetTest.java:290)
	at java.lang.Thread.run(Thread.java:748)
Exception in thread "Thread-509" java.lang.IllegalMonitorStateException: attempt to unlock read lock, not locked by current thread
	at java.util.concurrent.locks.ReentrantReadWriteLock$Sync.unmatchedUnlockException(ReentrantReadWriteLock.java:444)
	at java.util.concurrent.locks.ReentrantReadWriteLock$Sync.tryReleaseShared(ReentrantReadWriteLock.java:428)
	at java.util.concurrent.locks.AbstractQueuedSynchronizer.releaseShared(AbstractQueuedSynchronizer.java:1341)
	at java.util.concurrent.locks.ReentrantReadWriteLock$ReadLock.unlock(ReentrantReadWriteLock.java:881)
	at edu.coursera.concurrent.CoarseLists$RWCoarseList.contains(CoarseLists.java:223)
	at edu.coursera.concurrent.ContainsTestThread.run(ContainsTestThread.java:21)
	at edu.coursera.concurrent.ListSetTest.lambda$launchAndJoinAll$4(ListSetTest.java:290)
	at java.lang.Thread.run(Thread.java:748)
Exception in thread "Thread-511" java.lang.IllegalMonitorStateException: attempt to unlock read lock, not locked by current thread
	at java.util.concurrent.locks.ReentrantReadWriteLock$Sync.unmatchedUnlockException(ReentrantReadWriteLock.java:444)
	at java.util.concurrent.locks.ReentrantReadWriteLock$Sync.tryReleaseShared(ReentrantReadWriteLock.java:428)
	at java.util.concurrent.locks.AbstractQueuedSynchronizer.releaseShared(AbstractQueuedSynchronizer.java:1341)
	at java.util.concurrent.locks.ReentrantReadWriteLock$ReadLock.unlock(ReentrantReadWriteLock.java:881)
	at edu.coursera.concurrent.CoarseLists$RWCoarseList.contains(CoarseLists.java:223)
	at edu.coursera.concurrent.ContainsTestThread.run(ContainsTestThread.java:21)
	at edu.coursera.concurrent.ListSetTest.lambda$launchAndJoinAll$4(ListSetTest.java:290)
	at java.lang.Thread.run(Thread.java:748)
Exception in thread "Thread-510" java.lang.IllegalMonitorStateException: attempt to unlock read lock, not locked by current thread
	at java.util.concurrent.locks.ReentrantReadWriteLock$Sync.unmatchedUnlockException(ReentrantReadWriteLock.java:444)
	at java.util.concurrent.locks.ReentrantReadWriteLock$Sync.tryReleaseShared(ReentrantReadWriteLock.java:428)
	at java.util.concurrent.locks.AbstractQueuedSynchronizer.releaseShared(AbstractQueuedSynchronizer.java:1341)
	at java.util.concurrent.locks.ReentrantReadWriteLock$ReadLock.unlock(ReentrantReadWriteLock.java:881)
	at edu.coursera.concurrent.CoarseLists$RWCoarseList.contains(CoarseLists.java:223)
	at edu.coursera.concurrent.ContainsTestThread.run(ContainsTestThread.java:21)
	at edu.coursera.concurrent.ListSetTest.lambda$launchAndJoinAll$4(ListSetTest.java:290)
	at java.lang.Thread.run(Thread.java:748)
Exception in thread "Thread-508" java.lang.IllegalMonitorStateException: attempt to unlock read lock, not locked by current thread
	at java.util.concurrent.locks.ReentrantReadWriteLock$Sync.unmatchedUnlockException(ReentrantReadWriteLock.java:444)
	at java.util.concurrent.locks.ReentrantReadWriteLock$Sync.tryReleaseShared(ReentrantReadWriteLock.java:428)
	at java.util.concurrent.locks.AbstractQueuedSynchronizer.releaseShared(AbstractQueuedSynchronizer.java:1341)
	at java.util.concurrent.locks.ReentrantReadWriteLock$ReadLock.unlock(ReentrantReadWriteLock.java:881)
	at edu.coursera.concurrent.CoarseLists$RWCoarseList.contains(CoarseLists.java:223)
	at edu.coursera.concurrent.ContainsTestThread.run(ContainsTestThread.java:21)
	at edu.coursera.concurrent.ListSetTest.lambda$launchAndJoinAll$4(ListSetTest.java:290)
	at java.lang.Thread.run(Thread.java:748)
Exception in thread "Thread-532" java.lang.IllegalMonitorStateException: attempt to unlock read lock, not locked by current thread
	at java.util.concurrent.locks.ReentrantReadWriteLock$Sync.unmatchedUnlockException(ReentrantReadWriteLock.java:444)
	at java.util.concurrent.locks.ReentrantReadWriteLock$Sync.tryReleaseShared(ReentrantReadWriteLock.java:428)
	at java.util.concurrent.locks.AbstractQueuedSynchronizer.releaseShared(AbstractQueuedSynchronizer.java:1341)
	at java.util.concurrent.locks.ReentrantReadWriteLock$ReadLock.unlock(ReentrantReadWriteLock.java:881)
	at edu.coursera.concurrent.CoarseLists$RWCoarseList.contains(CoarseLists.java:223)
	at edu.coursera.concurrent.ContainsTestThread.run(ContainsTestThread.java:21)
	at edu.coursera.concurrent.ListSetTest.lambda$launchAndJoinAll$4(ListSetTest.java:290)
	at java.lang.Thread.run(Thread.java:748)
Exception in thread "Thread-533" java.lang.IllegalMonitorStateException: attempt to unlock read lock, not locked by current thread
	at java.util.concurrent.locks.ReentrantReadWriteLock$Sync.unmatchedUnlockException(ReentrantReadWriteLock.java:444)
	at java.util.concurrent.locks.ReentrantReadWriteLock$Sync.tryReleaseShared(ReentrantReadWriteLock.java:428)
	at java.util.concurrent.locks.AbstractQueuedSynchronizer.releaseShared(AbstractQueuedSynchronizer.java:1341)
	at java.util.concurrent.locks.ReentrantReadWriteLock$ReadLock.unlock(ReentrantReadWriteLock.java:881)
	at edu.coursera.concurrent.CoarseLists$RWCoarseList.contains(CoarseLists.java:223)
	at edu.coursera.concurrent.ContainsTestThread.run(ContainsTestThread.java:21)
	at edu.coursera.concurrent.ListSetTest.lambda$launchAndJoinAll$4(ListSetTest.java:290)
	at java.lang.Thread.run(Thread.java:748)
Exception in thread "Thread-534" java.lang.IllegalMonitorStateException: attempt to unlock read lock, not locked by current thread
	at java.util.concurrent.locks.ReentrantReadWriteLock$Sync.unmatchedUnlockException(ReentrantReadWriteLock.java:444)
	at java.util.concurrent.locks.ReentrantReadWriteLock$Sync.tryReleaseShared(ReentrantReadWriteLock.java:428)
	at java.util.concurrent.locks.AbstractQueuedSynchronizer.releaseShared(AbstractQueuedSynchronizer.java:1341)
	at java.util.concurrent.locks.ReentrantReadWriteLock$ReadLock.unlock(ReentrantReadWriteLock.java:881)
	at edu.coursera.concurrent.CoarseLists$RWCoarseList.contains(CoarseLists.java:223)
	at edu.coursera.concurrent.ContainsTestThread.run(ContainsTestThread.java:21)
	at edu.coursera.concurrent.ListSetTest.lambda$launchAndJoinAll$4(ListSetTest.java:290)
	at java.lang.Thread.run(Thread.java:748)
Exception in thread "Thread-535" java.lang.IllegalMonitorStateException: attempt to unlock read lock, not locked by current thread
	at java.util.concurrent.locks.ReentrantReadWriteLock$Sync.unmatchedUnlockException(ReentrantReadWriteLock.java:444)
	at java.util.concurrent.locks.ReentrantReadWriteLock$Sync.tryReleaseShared(ReentrantReadWriteLock.java:428)
	at java.util.concurrent.locks.AbstractQueuedSynchronizer.releaseShared(AbstractQueuedSynchronizer.java:1341)
	at java.util.concurrent.locks.ReentrantReadWriteLock$ReadLock.unlock(ReentrantReadWriteLock.java:881)
	at edu.coursera.concurrent.CoarseLists$RWCoarseList.contains(CoarseLists.java:223)
	at edu.coursera.concurrent.ContainsTestThread.run(ContainsTestThread.java:21)
	at edu.coursera.concurrent.ListSetTest.lambda$launchAndJoinAll$4(ListSetTest.java:290)
	at java.lang.Thread.run(Thread.java:748)
Exception in thread "Thread-556" Exception in thread "Thread-557" java.lang.IllegalMonitorStateException: attempt to unlock read lock, not locked by current thread
	at java.util.concurrent.locks.ReentrantReadWriteLock$Sync.unmatchedUnlockException(ReentrantReadWriteLock.java:444)
	at java.util.concurrent.locks.ReentrantReadWriteLock$Sync.tryReleaseShared(ReentrantReadWriteLock.java:428)
	at java.util.concurrent.locks.AbstractQueuedSynchronizer.releaseShared(AbstractQueuedSynchronizer.java:1341)
	at java.util.concurrent.locks.ReentrantReadWriteLock$ReadLock.unlock(ReentrantReadWriteLock.java:881)
	at edu.coursera.concurrent.CoarseLists$RWCoarseList.contains(CoarseLists.java:223)
	at edu.coursera.concurrent.ContainsTestThread.run(ContainsTestThread.java:21)
	at edu.coursera.concurrent.ListSetTest.lambda$launchAndJoinAll$4(ListSetTest.java:290)
	at java.lang.Thread.run(Thread.java:748)
Exception in thread "Thread-558" java.lang.IllegalMonitorStateException: attempt to unlock read lock, not locked by current thread
	at java.util.concurrent.locks.ReentrantReadWriteLock$Sync.unmatchedUnlockException(ReentrantReadWriteLock.java:444)
	at java.util.concurrent.locks.ReentrantReadWriteLock$Sync.tryReleaseShared(ReentrantReadWriteLock.java:428)
	at java.util.concurrent.locks.AbstractQueuedSynchronizer.releaseShared(AbstractQueuedSynchronizer.java:1341)
	at java.util.concurrent.locks.ReentrantReadWriteLock$ReadLock.unlock(ReentrantReadWriteLock.java:881)
	at edu.coursera.concurrent.CoarseLists$RWCoarseList.contains(CoarseLists.java:223)
	at edu.coursera.concurrent.ContainsTestThread.run(ContainsTestThread.java:21)
	at edu.coursera.concurrent.ListSetTest.lambda$launchAndJoinAll$4(ListSetTest.java:290)
	at java.lang.Thread.run(Thread.java:748)
Exception in thread "Thread-559" java.lang.IllegalMonitorStateException: attempt to unlock read lock, not locked by current thread
	at java.util.concurrent.locks.ReentrantReadWriteLock$Sync.unmatchedUnlockException(ReentrantReadWriteLock.java:444)
	at java.util.concurrent.locks.ReentrantReadWriteLock$Sync.tryReleaseShared(ReentrantReadWriteLock.java:428)
	at java.util.concurrent.locks.AbstractQueuedSynchronizer.releaseShared(AbstractQueuedSynchronizer.java:1341)
	at java.util.concurrent.locks.ReentrantReadWriteLock$ReadLock.unlock(ReentrantReadWriteLock.java:881)
	at edu.coursera.concurrent.CoarseLists$RWCoarseList.contains(CoarseLists.java:223)
	at edu.coursera.concurrent.ContainsTestThread.run(ContainsTestThread.java:21)
	at edu.coursera.concurrent.ListSetTest.lambda$launchAndJoinAll$4(ListSetTest.java:290)
	at java.lang.Thread.run(Thread.java:748)
java.lang.IllegalMonitorStateException: attempt to unlock read lock, not locked by current thread
	at java.util.concurrent.locks.ReentrantReadWriteLock$Sync.unmatchedUnlockException(ReentrantReadWriteLock.java:444)
	at java.util.concurrent.locks.ReentrantReadWriteLock$Sync.tryReleaseShared(ReentrantReadWriteLock.java:428)
	at java.util.concurrent.locks.AbstractQueuedSynchronizer.releaseShared(AbstractQueuedSynchronizer.java:1341)
	at java.util.concurrent.locks.ReentrantReadWriteLock$ReadLock.unlock(ReentrantReadWriteLock.java:881)
	at edu.coursera.concurrent.CoarseLists$RWCoarseList.contains(CoarseLists.java:223)
	at edu.coursera.concurrent.ContainsTestThread.run(ContainsTestThread.java:21)
	at edu.coursera.concurrent.ListSetTest.lambda$launchAndJoinAll$4(ListSetTest.java:290)
	at java.lang.Thread.run(Thread.java:748)
Exception in thread "Thread-580" java.lang.IllegalMonitorStateException: attempt to unlock read lock, not locked by current thread
	at java.util.concurrent.locks.ReentrantReadWriteLock$Sync.unmatchedUnlockException(ReentrantReadWriteLock.java:444)
	at java.util.concurrent.locks.ReentrantReadWriteLock$Sync.tryReleaseShared(ReentrantReadWriteLock.java:428)
	at java.util.concurrent.locks.AbstractQueuedSynchronizer.releaseShared(AbstractQueuedSynchronizer.java:1341)
	at java.util.concurrent.locks.ReentrantReadWriteLock$ReadLock.unlock(ReentrantReadWriteLock.java:881)
	at edu.coursera.concurrent.CoarseLists$RWCoarseList.contains(CoarseLists.java:223)
	at edu.coursera.concurrent.ContainsTestThread.run(ContainsTestThread.java:21)
	at edu.coursera.concurrent.ListSetTest.lambda$launchAndJoinAll$4(ListSetTest.java:290)
	at java.lang.Thread.run(Thread.java:748)
Exception in thread "Thread-581" java.lang.IllegalMonitorStateException: attempt to unlock read lock, not locked by current thread
	at java.util.concurrent.locks.ReentrantReadWriteLock$Sync.unmatchedUnlockException(ReentrantReadWriteLock.java:444)
	at java.util.concurrent.locks.ReentrantReadWriteLock$Sync.tryReleaseShared(ReentrantReadWriteLock.java:428)
	at java.util.concurrent.locks.AbstractQueuedSynchronizer.releaseShared(AbstractQueuedSynchronizer.java:1341)
	at java.util.concurrent.locks.ReentrantReadWriteLock$ReadLock.unlock(ReentrantReadWriteLock.java:881)
	at edu.coursera.concurrent.CoarseLists$RWCoarseList.contains(CoarseLists.java:223)
	at edu.coursera.concurrent.ContainsTestThread.run(ContainsTestThread.java:21)
	at edu.coursera.concurrent.ListSetTest.lambda$launchAndJoinAll$4(ListSetTest.java:290)
	at java.lang.Thread.run(Thread.java:748)
Exception in thread "Thread-583" java.lang.IllegalMonitorStateException: attempt to unlock read lock, not locked by current thread
	at java.util.concurrent.locks.ReentrantReadWriteLock$Sync.unmatchedUnlockException(ReentrantReadWriteLock.java:444)
	at java.util.concurrent.locks.ReentrantReadWriteLock$Sync.tryReleaseShared(ReentrantReadWriteLock.java:428)
	at java.util.concurrent.locks.AbstractQueuedSynchronizer.releaseShared(AbstractQueuedSynchronizer.java:1341)
	at java.util.concurrent.locks.ReentrantReadWriteLock$ReadLock.unlock(ReentrantReadWriteLock.java:881)
	at edu.coursera.concurrent.CoarseLists$RWCoarseList.contains(CoarseLists.java:223)
	at edu.coursera.concurrent.ContainsTestThread.run(ContainsTestThread.java:21)
	at edu.coursera.concurrent.ListSetTest.lambda$launchAndJoinAll$4(ListSetTest.java:290)
	at java.lang.Thread.run(Thread.java:748)
Exception in thread "Thread-582" java.lang.IllegalMonitorStateException: attempt to unlock read lock, not locked by current thread
	at java.util.concurrent.locks.ReentrantReadWriteLock$Sync.unmatchedUnlockException(ReentrantReadWriteLock.java:444)
	at java.util.concurrent.locks.ReentrantReadWriteLock$Sync.tryReleaseShared(ReentrantReadWriteLock.java:428)
	at java.util.concurrent.locks.AbstractQueuedSynchronizer.releaseShared(AbstractQueuedSynchronizer.java:1341)
	at java.util.concurrent.locks.ReentrantReadWriteLock$ReadLock.unlock(ReentrantReadWriteLock.java:881)
	at edu.coursera.concurrent.CoarseLists$RWCoarseList.contains(CoarseLists.java:223)
	at edu.coursera.concurrent.ContainsTestThread.run(ContainsTestThread.java:21)
	at edu.coursera.concurrent.ListSetTest.lambda$launchAndJoinAll$4(ListSetTest.java:290)
	at java.lang.Thread.run(Thread.java:748)
]]></system-err>
  </testcase>
  <testcase name="testCoarseGrainedLockingRandomLarge" classname="edu.coursera.concurrent.ListSetTest" time="112.907"/>
</testsuite>